Using pre-set license
Built from '2021.1/release' branch; Version is '2021.1.16f1 (5fa502fca597) revision 6268162'; Using compiler version '192528614'; Build Type 'Release'
OS: 'Windows 10 Home; OS build 19043.1110; Version 2009; 64bit' Language: 'it' Physical Memory: 8172 MB
BatchMode: 1, IsHumanControllingUs: 0, StartBugReporterOnCrash: 0, Is64bit: 1, IsPro: 0

 COMMAND LINE ARGUMENTS:
C:\Program Files\Unity\Hub\Editor\2021.1.16f1\Editor\Unity.exe
-adb2
-batchMode
-noUpm
-name
AssetImportWorker2
-projectPath
C:/Users/Corrado/Desktop/KEYOFGAMES/PROJECT_POCKETWARRIOR/PokemonRangerMobile
-logFile
Logs/AssetImportWorker2.log
-srvPort
53988
Successfully changed project path to: C:/Users/Corrado/Desktop/KEYOFGAMES/PROJECT_POCKETWARRIOR/PokemonRangerMobile
C:/Users/Corrado/Desktop/KEYOFGAMES/PROJECT_POCKETWARRIOR/PokemonRangerMobile
Using Asset Import Pipeline V2.
Refreshing native plugins compatible for Editor in 63.68 ms, found 2 plugins.
Preloading 0 native plugins for Editor in 0.00 ms.
Initialize engine version: 2021.1.16f1 (5fa502fca597)
[Subsystems] Discovering subsystems at path C:/Program Files/Unity/Hub/Editor/2021.1.16f1/Editor/Data/Resources/UnitySubsystems
[Subsystems] Discovering subsystems at path C:/Users/Corrado/Desktop/KEYOFGAMES/PROJECT_POCKETWARRIOR/PokemonRangerMobile/Assets
GfxDevice: creating device client; threaded=0; jobified=0
Direct3D:
    Version:  Direct3D 11.0 [level 11.0]
    Renderer: AMD Radeon HD 6350 (ID=0x68f9)
    Vendor:   ATI
    VRAM:     498 MB
    Driver:   15.200.1045.0
Initialize mono
Mono path[0] = 'C:/Program Files/Unity/Hub/Editor/2021.1.16f1/Editor/Data/Managed'
Mono path[1] = 'C:/Program Files/Unity/Hub/Editor/2021.1.16f1/Editor/Data/MonoBleedingEdge/lib/mono/unityjit'
Mono config path = 'C:/Program Files/Unity/Hub/Editor/2021.1.16f1/Editor/Data/MonoBleedingEdge/etc'
Using monoOptions --debugger-agent=transport=dt_socket,embedding=1,server=y,suspend=n,address=127.0.0.1:56472
Begin MonoManager ReloadAssembly
Registering precompiled unity dll's ...
Register platform support module: C:/Program Files/Unity/Hub/Editor/2021.1.16f1/Editor/Data/PlaybackEngines/MacStandaloneSupport/UnityEditor.OSXStandalone.Extensions.dll
Register platform support module: C:/Program Files/Unity/Hub/Editor/2021.1.16f1/Editor/Data/PlaybackEngines/WindowsStandaloneSupport/UnityEditor.WindowsStandalone.Extensions.dll
Register platform support module: C:/Program Files/Unity/Hub/Editor/2021.1.16f1/Editor/Data/PlaybackEngines/LuminSupport/UnityEditor.Lumin.Extensions.dll
Registered in 0.004467 seconds.
Native extension for Lumin target not found
Native extension for WindowsStandalone target not found
Native extension for OSXStandalone target not found
Refreshing native plugins compatible for Editor in 49.27 ms, found 2 plugins.
Preloading 0 native plugins for Editor in 0.00 ms.
Mono: successfully reloaded assembly
- Completed reload, in  2.154 seconds
Domain Reload Profiling:
	ReloadAssembly (2155ms)
		BeginReloadAssembly (105ms)
			ExecutionOrderSort (0ms)
			DisableScriptedObjects (0ms)
			BackupInstance (0ms)
			ReleaseScriptingObjects (0ms)
			CreateAndSetChildDomain (1ms)
		EndReloadAssembly (671ms)
			LoadAssemblies (102ms)
			RebuildTransferFunctionScriptingTraits (0ms)
			SetupTypeCache (274ms)
			ReleaseScriptCaches (0ms)
			RebuildScriptCaches (46ms)
			SetupLoadedEditorAssemblies (275ms)
				LogAssemblyErrors (0ms)
				InitializePlatformSupportModulesInManaged (12ms)
				SetLoadedEditorAssemblies (0ms)
				RefreshPlugins (49ms)
				BeforeProcessingInitializeOnLoad (2ms)
				ProcessInitializeOnLoadAttributes (158ms)
				ProcessInitializeOnLoadMethodAttributes (53ms)
				AfterProcessingInitializeOnLoad (0ms)
				EditorAssembliesLoaded (0ms)
			ExecutionOrderSort2 (0ms)
			AwakeInstancesAfterBackupRestoration (0ms)
Platform modules already initialized, skipping
Registering precompiled user dll's ...
Registered in 0.006707 seconds.
Begin MonoManager ReloadAssembly
Native extension for Lumin target not found
Native extension for WindowsStandalone target not found
Native extension for OSXStandalone target not found
Refreshing native plugins compatible for Editor in 0.42 ms, found 2 plugins.
Preloading 0 native plugins for Editor in 0.00 ms.
Mono: successfully reloaded assembly
- Completed reload, in  2.463 seconds
Domain Reload Profiling:
	ReloadAssembly (2464ms)
		BeginReloadAssembly (258ms)
			ExecutionOrderSort (0ms)
			DisableScriptedObjects (7ms)
			BackupInstance (0ms)
			ReleaseScriptingObjects (0ms)
			CreateAndSetChildDomain (30ms)
		EndReloadAssembly (2095ms)
			LoadAssemblies (618ms)
			RebuildTransferFunctionScriptingTraits (0ms)
			SetupTypeCache (485ms)
			ReleaseScriptCaches (0ms)
			RebuildScriptCaches (81ms)
			SetupLoadedEditorAssemblies (763ms)
				LogAssemblyErrors (0ms)
				InitializePlatformSupportModulesInManaged (18ms)
				SetLoadedEditorAssemblies (1ms)
				RefreshPlugins (1ms)
				BeforeProcessingInitializeOnLoad (104ms)
				ProcessInitializeOnLoadAttributes (601ms)
				ProcessInitializeOnLoadMethodAttributes (27ms)
				AfterProcessingInitializeOnLoad (11ms)
				EditorAssembliesLoaded (0ms)
			ExecutionOrderSort2 (0ms)
			AwakeInstancesAfterBackupRestoration (10ms)
Platform modules already initialized, skipping
========================================================================
Worker process is ready to serve import requests
Launched and connected shader compiler UnityShaderCompiler.exe after 0.61 seconds
Refreshing native plugins compatible for Editor in 0.41 ms, found 2 plugins.
Preloading 0 native plugins for Editor in 0.00 ms.
Unloading 1504 Unused Serialized files (Serialized files now loaded: 0)
System memory in use before: 71.8 MB.
System memory in use after: 71.9 MB.

Unloading 21 unused Assets to reduce memory usage. Loaded Objects now: 1964.
Total: 3.855700 ms (FindLiveObjects: 0.143900 ms CreateObjectMapping: 0.061700 ms MarkObjects: 3.618600 ms  DeleteObjects: 0.029200 ms)

AssetImportParameters requested are different than current active one (requested -> active):
  custom:framework-win-MediaFoundation: 216162199b28c13a410421893ffa2e32 -> 
  custom:video-decoder-ogg-theora: a1e56fd34408186e4bbccfd4996cb3dc -> 
  custom:container-muxer-webm: aa71ff27fc2769a1b78a27578f13a17b -> 
  custom:container-demuxer-webm: 4f35f7cbe854078d1ac9338744f61a02 -> 
  custom:container-demuxer-ogg: 62fdf1f143b41e24485cea50d1cbac27 -> 
  custom:video-encoder-webm-vp8: eb34c28f22e8b96e1ab97ce403110664 -> 
  custom:video-decoder-webm-vp8: 9c59270c3fd7afecdb556c50c9e8de78 -> 
  custom:audio-decoder-ogg-vorbis: bf7c407c2cedff20999df2af8eb42d56 -> 
  custom:audio-encoder-webm-vorbis: bf7c407c2cedff20999df2af8eb42d56 -> 
========================================================================
Received Import Request.
  path: Assets/Resources/Sprites/icon/background_product_placement.png
  artifactKey: Guid(85751f79f66462f4189b11d3758680c1) Importer(815301076,1909f56bfc062723c751e8b465ee728b)
Start importing Assets/Resources/Sprites/icon/background_product_placement.png using Guid(85751f79f66462f4189b11d3758680c1) Importer(815301076,1909f56bfc062723c751e8b465ee728b)  -> (artifact id: '2b8a3fe747f7c816fa8331c7a0ec0a4f') in 0.749471 seconds 
========================================================================
Received Import Request.
  Time since last request: 0.000297 seconds.
  path: Assets/Resources/Sprites/icon/yes_button_icon.png
  artifactKey: Guid(ecf624c3cc56b0b418ec1c68ef92c4ac) Importer(815301076,1909f56bfc062723c751e8b465ee728b)
Start importing Assets/Resources/Sprites/icon/yes_button_icon.png using Guid(ecf624c3cc56b0b418ec1c68ef92c4ac) Importer(815301076,1909f56bfc062723c751e8b465ee728b)  -> (artifact id: '107eca0b670b768790c9d1f8274a7dfd') in 0.168517 seconds 
========================================================================
Received Import Request.
  Time since last request: 0.000271 seconds.
  path: Assets/Resources/Sprites/icon/border_gligar.png
  artifactKey: Guid(2ffca904d91676e48ae0f4badd57ae72) Importer(815301076,1909f56bfc062723c751e8b465ee728b)
Start importing Assets/Resources/Sprites/icon/border_gligar.png using Guid(2ffca904d91676e48ae0f4badd57ae72) Importer(815301076,1909f56bfc062723c751e8b465ee728b)  -> (artifact id: 'd0d80a01952e5bfd8d1d771183c413ec') in 0.292148 seconds 
========================================================================
Received Import Request.
  Time since last request: 0.000365 seconds.
  path: Assets/Resources/Sprites/Pokemon_battle_sprite/mewtwo.png
  artifactKey: Guid(a5d80bda8f54e3d42b303848369b18c5) Importer(815301076,1909f56bfc062723c751e8b465ee728b)
Start importing Assets/Resources/Sprites/Pokemon_battle_sprite/mewtwo.png using Guid(a5d80bda8f54e3d42b303848369b18c5) Importer(815301076,1909f56bfc062723c751e8b465ee728b)  -> (artifact id: '89b1b0f33f4878f10101369990ea49fe') in 0.336993 seconds 
========================================================================
Received Import Request.
  Time since last request: 0.000340 seconds.
  path: Assets/Resources/Sprites/icon/tactics_button_icon.png
  artifactKey: Guid(5581f54d52e926240b8089e230f0507b) Importer(815301076,1909f56bfc062723c751e8b465ee728b)
Start importing Assets/Resources/Sprites/icon/tactics_button_icon.png using Guid(5581f54d52e926240b8089e230f0507b) Importer(815301076,1909f56bfc062723c751e8b465ee728b)  -> (artifact id: '6dc5ed70491de46c864f030b42ff4ab0') in 0.312776 seconds 
========================================================================
Received Import Request.
  Time since last request: 0.000284 seconds.
  path: Assets/Resources/Sprites/Pokemon_battle_sprite/glygar_placeholder.png
  artifactKey: Guid(912e0000265ebbb48979eb81ebdfb5b9) Importer(815301076,1909f56bfc062723c751e8b465ee728b)
Start importing Assets/Resources/Sprites/Pokemon_battle_sprite/glygar_placeholder.png using Guid(912e0000265ebbb48979eb81ebdfb5b9) Importer(815301076,1909f56bfc062723c751e8b465ee728b)  -> (artifact id: '7ecd45726d410c561024835d07c7140c') in 0.074654 seconds 
========================================================================
Received Import Request.
  Time since last request: 0.000256 seconds.
  path: Assets/Resources/Sprites/Pokemon_battle_sprite/mew.png
  artifactKey: Guid(c5b1dd8ec3fb55f46a112a547f11644b) Importer(815301076,1909f56bfc062723c751e8b465ee728b)
Start importing Assets/Resources/Sprites/Pokemon_battle_sprite/mew.png using Guid(c5b1dd8ec3fb55f46a112a547f11644b) Importer(815301076,1909f56bfc062723c751e8b465ee728b)  -> (artifact id: '4ae16322d032908eeda37c2371ff040b') in 0.403976 seconds 
========================================================================
Received Import Request.
  Time since last request: 0.000325 seconds.
  path: Assets/Resources/Sprites/icon/textbox01.png
  artifactKey: Guid(e1274b3762f9af8448c4fa65a2318c8b) Importer(815301076,1909f56bfc062723c751e8b465ee728b)
Start importing Assets/Resources/Sprites/icon/textbox01.png using Guid(e1274b3762f9af8448c4fa65a2318c8b) Importer(815301076,1909f56bfc062723c751e8b465ee728b)  -> (artifact id: '59f43b7b4918bd2885a2afd534fae95e') in 0.457136 seconds 
========================================================================
Received Import Request.
  Time since last request: 0.000345 seconds.
  path: Assets/Resources/Sprites/Pokemon_battle_sprite/pikachu_placeholder.png
  artifactKey: Guid(6e3af8539818f6d49b26cbea697ad0a0) Importer(815301076,1909f56bfc062723c751e8b465ee728b)
Start importing Assets/Resources/Sprites/Pokemon_battle_sprite/pikachu_placeholder.png using Guid(6e3af8539818f6d49b26cbea697ad0a0) Importer(815301076,1909f56bfc062723c751e8b465ee728b)  -> (artifact id: '1880d3ee4c335bbe3d917c5109459de4') in 0.148784 seconds 
========================================================================
Received Import Request.
  Time since last request: 0.000269 seconds.
  path: Assets/Resources/Sprites/icon/border.png
  artifactKey: Guid(159be1b31cfa0d74899eb75d9d4686cd) Importer(815301076,1909f56bfc062723c751e8b465ee728b)
Start importing Assets/Resources/Sprites/icon/border.png using Guid(159be1b31cfa0d74899eb75d9d4686cd) Importer(815301076,1909f56bfc062723c751e8b465ee728b)  -> (artifact id: '102219f446d0922e2f82dfeafbce109f') in 0.309213 seconds 
========================================================================
Received Import Request.
  Time since last request: 0.000219 seconds.
  path: Assets/Resources/Sprites/icon/run_button_icon.png
  artifactKey: Guid(b08e435267d10a14fbcd6e23b580d0b5) Importer(815301076,1909f56bfc062723c751e8b465ee728b)
Start importing Assets/Resources/Sprites/icon/run_button_icon.png using Guid(b08e435267d10a14fbcd6e23b580d0b5) Importer(815301076,1909f56bfc062723c751e8b465ee728b)  -> (artifact id: 'bc270a86cbd04cb3c7ca9a48bb200bec') in 0.113434 seconds 
========================================================================
Received Import Request.
  Time since last request: 0.000236 seconds.
  path: Assets/Resources/Sprites/icon/no_button_icon.png
  artifactKey: Guid(38e29c5568d80f44a8f778cf4ff7f1c9) Importer(815301076,1909f56bfc062723c751e8b465ee728b)
Start importing Assets/Resources/Sprites/icon/no_button_icon.png using Guid(38e29c5568d80f44a8f778cf4ff7f1c9) Importer(815301076,1909f56bfc062723c751e8b465ee728b)  -> (artifact id: 'cc7e5119a5c1b14cfe48f89c423ca94a') in 0.125138 seconds 
========================================================================
Received Import Request.
  Time since last request: 0.000222 seconds.
  path: Assets/Resources/Sprites/icon/logo_ranger_pokemon.png
  artifactKey: Guid(19c8d585201f7b44db0ad446a196ae91) Importer(815301076,1909f56bfc062723c751e8b465ee728b)
Start importing Assets/Resources/Sprites/icon/logo_ranger_pokemon.png using Guid(19c8d585201f7b44db0ad446a196ae91) Importer(815301076,1909f56bfc062723c751e8b465ee728b)  -> (artifact id: '6a52ab0fd29b2c1089764cea212c18a0') in 0.106321 seconds 
========================================================================
Received Import Request.
  Time since last request: 0.000248 seconds.
  path: Assets/Resources/Sprites/Pokemon_battle_sprite/missgno.png
  artifactKey: Guid(774c851d511f1494f8e6856a9a0bfa67) Importer(815301076,1909f56bfc062723c751e8b465ee728b)
Start importing Assets/Resources/Sprites/Pokemon_battle_sprite/missgno.png using Guid(774c851d511f1494f8e6856a9a0bfa67) Importer(815301076,1909f56bfc062723c751e8b465ee728b)  -> (artifact id: '3422522de92e3e007bd03c1200ccaa36') in 0.355519 seconds 
========================================================================
Received Import Request.
  Time since last request: 178.689846 seconds.
  path: Assets/Resources/Scripts/EnemyScript/Pokemon.cs
  artifactKey: Guid(c3443297d940281429455aa30a86ae3c) Importer(815301076,1909f56bfc062723c751e8b465ee728b)
Start importing Assets/Resources/Scripts/EnemyScript/Pokemon.cs using Guid(c3443297d940281429455aa30a86ae3c) Importer(815301076,1909f56bfc062723c751e8b465ee728b)  -> (artifact id: 'a323acbbbfc5497c07ce6e5357b835ff') in 0.225814 seconds 
